
# Modulus: B43958313D8573329 68 bits - prime: address 4 bit, block 30 bit 

Processing block 15 
Processing block 11 
Processing block 12 
Processing block 10 
Processing block 9 
Processing block 14 
Processing block 8 
Processing block 13 
 Blk:B 2C0000001-2FFFFFFFF 9.50 sec.   FOUND 
 Blk:E 380000001-3BFFFFFFF 9.50 sec.   skip 
Processing block 7 
 Blk:9 240000001-27FFFFFFF 9.50 sec.   skip 
 Blk:C 300000001-33FFFFFFF 9.50 sec.   skip 
Processing block 6 
 Blk:F 3C0000001-3FFFFFFFF 9.50 sec.   skip 
 Blk:6 180000001-1BFFFFFFF 0.00 sec.   skip 
 Blk:7 1C0000001-1FFFFFFFF 0.00 sec.   skip 
Processing block 5 
 Blk:5 140000001-17FFFFFFF 0.00 sec.   skip 
 Blk:D 340000001-37FFFFFFF 9.50 sec.   skip 
Processing block 0 
 Blk:A 280000001-2BFFFFFFF 9.50 sec.   skip 
 Blk:0 1-3FFFFFFF 0.00 sec.   skip 
Processing block 2 
 Blk:8 200000001-23FFFFFFF 9.50 sec.   skip 
Processing block 1 
Processing block 3 
 Blk:1 40000001-7FFFFFFF 0.00 sec.   skip 
Processing block 4 
 Blk:2 80000001-BFFFFFFF 0.00 sec.   skip 
 Blk:4 100000001-13FFFFFFF 0.00 sec.   skip 
 Blk:3 C0000001-FFFFFFFF 0.00 sec.   skip 
FOUND: 387EDD2D1
