
# Modulus: B43958313D8573329 68 bits - prime: address 4 bit, block 30 bit 

Processing block 15 
Processing block 12 
Processing block 11 
Processing block 13 
Processing block 14 
Processing block 10 
Processing block 8 
Processing block 9 
Processing block 7 
Processing block 0 
Processing block 1 
Processing block 6 
Processing block 3 
Processing block 4 
Processing block 5 
Processing block 2 
 Blk:E 380000001-3BFFFFFFF 58.11 sec.   FOUND 
 Blk:1 40000001-7FFFFFFF 58.06 sec.   skip 
 Blk:F 3C0000001-3FFFFFFFF 58.11 sec.   skip 
 Blk:3 C0000001-FFFFFFFF 58.05 sec.   skip 
 Blk:C 300000001-33FFFFFFF 58.11 sec.   skip 
 Blk:4 100000001-13FFFFFFF 58.05 sec.   skip 
 Blk:8 200000001-23FFFFFFF 58.08 sec.   skip 
 Blk:5 140000001-17FFFFFFF 58.04 sec.   skip 
 Blk:6 180000001-1BFFFFFFF 58.06 sec.   skip 
 Blk:0 1-3FFFFFFF 58.06 sec.   skip 
 Blk:9 240000001-27FFFFFFF 58.07 sec.   skip 
 Blk:2 80000001-BFFFFFFF 58.04 sec.   skip 
 Blk:B 2C0000001-2FFFFFFFF 58.11 sec.   skip 
 Blk:A 280000001-2BFFFFFFF 58.11 sec.   skip 
 Blk:D 340000001-37FFFFFFF 58.11 sec.   skip 
 Blk:7 1C0000001-1FFFFFFFF 58.07 sec.   skip 
FOUND: 387EDD2D1
