--------------------------------------------------------------------------
WARNING: No preset parameters were found for the device that Open MPI
detected:

  Local host:            wn99
  Device name:           mlx5_0
  Device vendor ID:      0x02c9
  Device vendor part ID: 4123

Default device parameters will be used, which may result in lower
performance.  You can edit any of the files specified by the
btl_openib_device_param_files MCA parameter to set values for your
device.

NOTE: You can turn off this warning by setting the MCA parameter
      btl_openib_warn_no_device_params_found to 0.
--------------------------------------------------------------------------
--------------------------------------------------------------------------
WARNING: There was an error initializing an OpenFabrics device.

  Local host:   wn99
  Local device: mlx5_0
--------------------------------------------------------------------------
0.87 0.87 0.87 0.88 0.88 0.88 0.88 0.88 0.88 0.89 0.89 0.89 0.89 0.88 0.88 0.88 0.88 0.88 0.88 0.87 0.87 0.87 
0.87 0.88 0.88 0.88 0.88 0.88 0.88 0.89 0.89 0.89 0.89 0.89 0.89 0.89 0.89 0.88 0.88 0.88 0.88 0.88 0.88 0.87 
0.88 0.88 0.88 0.88 0.88 0.88 0.89 0.89 0.89 0.89 0.89 0.89 0.89 0.89 0.89 0.89 0.88 0.88 0.88 0.88 0.88 0.88 
0.88 0.88 0.88 0.88 0.89 0.89 0.89 0.90 0.90 0.90 0.90 0.90 0.90 0.90 0.90 0.89 0.89 0.89 0.88 0.88 0.88 0.88 
0.88 0.88 0.88 0.89 0.89 0.89 0.90 0.90 0.91 0.91 0.91 0.91 0.91 0.91 0.90 0.90 0.89 0.89 0.89 0.88 0.88 0.88 
0.88 0.89 0.89 0.89 0.89 0.90 0.90 0.91 0.91 0.92 0.92 0.92 0.92 0.91 0.91 0.90 0.90 0.89 0.89 0.89 0.89 0.88 
0.89 0.89 0.89 0.89 0.90 0.91 0.91 0.92 0.93 0.93 0.93 0.93 0.93 0.93 0.92 0.91 0.91 0.90 0.89 0.89 0.89 0.89 
0.89 0.89 0.89 0.90 0.90 0.91 0.92 0.93 0.94 0.95 0.95 0.95 0.95 0.94 0.93 0.92 0.91 0.90 0.90 0.89 0.89 0.89 
0.89 0.89 0.90 0.90 0.91 0.92 0.93 0.94 0.95 0.97 0.97 0.97 0.97 0.95 0.94 0.93 0.92 0.91 0.90 0.90 0.89 0.89 
0.89 0.90 0.90 0.90 0.91 0.92 0.93 0.95 0.97 0.98 0.99 0.99 0.98 0.97 0.95 0.93 0.92 0.91 0.90 0.90 0.90 0.89 
0.89 0.90 0.90 0.91 0.91 0.92 0.94 0.95 0.97 0.99 1.00 1.00 0.99 0.97 0.95 0.94 0.92 0.91 0.91 0.90 0.90 0.89 
0.89 0.90 0.90 0.91 0.91 0.92 0.94 0.95 0.97 0.99 1.00 1.00 0.99 0.97 0.95 0.94 0.92 0.91 0.91 0.90 0.90 0.89 
0.89 0.90 0.90 0.90 0.91 0.92 0.93 0.95 0.97 0.98 0.99 0.99 0.98 0.97 0.95 0.93 0.92 0.91 0.90 0.90 0.90 0.89 
0.89 0.89 0.90 0.90 0.91 0.92 0.93 0.94 0.95 0.97 0.97 0.97 0.97 0.95 0.94 0.93 0.92 0.91 0.90 0.90 0.89 0.89 
0.89 0.89 0.89 0.90 0.90 0.91 0.92 0.93 0.94 0.95 0.95 0.95 0.95 0.94 0.93 0.92 0.91 0.90 0.90 0.89 0.89 0.89 
0.89 0.89 0.89 0.89 0.90 0.91 0.91 0.92 0.93 0.93 0.93 0.93 0.93 0.93 0.92 0.91 0.91 0.90 0.89 0.89 0.89 0.89 
0.88 0.89 0.89 0.89 0.89 0.90 0.90 0.91 0.91 0.92 0.92 0.92 0.92 0.91 0.91 0.90 0.90 0.89 0.89 0.89 0.89 0.88 
0.88 0.88 0.88 0.89 0.89 0.89 0.90 0.90 0.91 0.91 0.91 0.91 0.91 0.91 0.90 0.90 0.89 0.89 0.89 0.88 0.88 0.88 
0.88 0.88 0.88 0.88 0.89 0.89 0.89 0.90 0.90 0.90 0.90 0.90 0.90 0.90 0.90 0.89 0.89 0.89 0.88 0.88 0.88 0.88 
0.88 0.88 0.88 0.88 0.88 0.88 0.89 0.89 0.89 0.89 0.89 0.89 0.89 0.89 0.89 0.89 0.88 0.88 0.88 0.88 0.88 0.88 
0.87 0.88 0.88 0.88 0.88 0.88 0.88 0.89 0.89 0.89 0.89 0.89 0.89 0.89 0.89 0.88 0.88 0.88 0.88 0.88 0.88 0.87 
0.87 0.87 0.87 0.88 0.88 0.88 0.88 0.88 0.88 0.89 0.89 0.89 0.89 0.88 0.88 0.88 0.88 0.88 0.88 0.87 0.87 0.87 
